#-----------------------------------------------------------
# Vivado v2019.2 (64-bit)
# SW Build 2708876 on Wed Nov  6 21:40:23 MST 2019
# IP Build 2700528 on Thu Nov  7 00:09:20 MST 2019
# Start of session at: Wed Sep  2 15:41:38 2020
# Process ID: 7020
# Current directory: D:/cp_learning/pic_dectec/pic-detec/solution1/impl/ip
# Command line: vivado.exe -notrace -mode batch -source run_ippack.tcl
# Log file: D:/cp_learning/pic_dectec/pic-detec/solution1/impl/ip/vivado.log
# Journal file: D:/cp_learning/pic_dectec/pic-detec/solution1/impl/ip\vivado.jou
#-----------------------------------------------------------
source run_ippack.tcl -notrace
INFO: [IP_Flow 19-234] Refreshing IP repositories
INFO: [IP_Flow 19-1704] No user IP repositories specified
INFO: [IP_Flow 19-2313] Loaded Vivado IP repository 'D:/Xilinx/Vivado/2019.2/data/ip'.
WARNING: [IP_Flow 19-4832] The IP name 'pic_detec_ap_dadd_3_no_dsp_64' you have specified is long. The Windows operating system has path length limitations. It is recommended you use shorter names to reduce the likelihood of issues.
INFO: [IP_Flow 19-1686] Generating 'Synthesis' target for IP 'pic_detec_ap_dadd_3_no_dsp_64'...
INFO: [IP_Flow 19-1686] Generating 'Simulation' target for IP 'pic_detec_ap_dadd_3_no_dsp_64'...
WARNING: [IP_Flow 19-4832] The IP name 'pic_detec_ap_dmul_4_max_dsp_64' you have specified is long. The Windows operating system has path length limitations. It is recommended you use shorter names to reduce the likelihood of issues.
INFO: [IP_Flow 19-1686] Generating 'Synthesis' target for IP 'pic_detec_ap_dmul_4_max_dsp_64'...
INFO: [IP_Flow 19-1686] Generating 'Simulation' target for IP 'pic_detec_ap_dmul_4_max_dsp_64'...
WARNING: [IP_Flow 19-4832] The IP name 'pic_detec_ap_fadd_3_full_dsp_32' you have specified is long. The Windows operating system has path length limitations. It is recommended you use shorter names to reduce the likelihood of issues.
INFO: [IP_Flow 19-1686] Generating 'Synthesis' target for IP 'pic_detec_ap_fadd_3_full_dsp_32'...
INFO: [IP_Flow 19-1686] Generating 'Simulation' target for IP 'pic_detec_ap_fadd_3_full_dsp_32'...
WARNING: [IP_Flow 19-4832] The IP name 'pic_detec_ap_fadd_3_no_dsp_32' you have specified is long. The Windows operating system has path length limitations. It is recommended you use shorter names to reduce the likelihood of issues.
INFO: [IP_Flow 19-1686] Generating 'Synthesis' target for IP 'pic_detec_ap_fadd_3_no_dsp_32'...
INFO: [IP_Flow 19-1686] Generating 'Simulation' target for IP 'pic_detec_ap_fadd_3_no_dsp_32'...
WARNING: [IP_Flow 19-4832] The IP name 'pic_detec_ap_faddfsub_3_full_dsp_32' you have specified is long. The Windows operating system has path length limitations. It is recommended you use shorter names to reduce the likelihood of issues.
INFO: [IP_Flow 19-1686] Generating 'Synthesis' target for IP 'pic_detec_ap_faddfsub_3_full_dsp_32'...
INFO: [IP_Flow 19-1686] Generating 'Simulation' target for IP 'pic_detec_ap_faddfsub_3_full_dsp_32'...
WARNING: [IP_Flow 19-4832] The IP name 'pic_detec_ap_fcmp_0_no_dsp_32' you have specified is long. The Windows operating system has path length limitations. It is recommended you use shorter names to reduce the likelihood of issues.
INFO: [IP_Flow 19-1686] Generating 'Synthesis' target for IP 'pic_detec_ap_fcmp_0_no_dsp_32'...
INFO: [IP_Flow 19-1686] Generating 'Simulation' target for IP 'pic_detec_ap_fcmp_0_no_dsp_32'...
WARNING: [IP_Flow 19-4832] The IP name 'pic_detec_ap_fdiv_14_no_dsp_32' you have specified is long. The Windows operating system has path length limitations. It is recommended you use shorter names to reduce the likelihood of issues.
INFO: [IP_Flow 19-1686] Generating 'Synthesis' target for IP 'pic_detec_ap_fdiv_14_no_dsp_32'...
INFO: [IP_Flow 19-1686] Generating 'Simulation' target for IP 'pic_detec_ap_fdiv_14_no_dsp_32'...
WARNING: [IP_Flow 19-4832] The IP name 'pic_detec_ap_fmul_2_max_dsp_32' you have specified is long. The Windows operating system has path length limitations. It is recommended you use shorter names to reduce the likelihood of issues.
INFO: [IP_Flow 19-1686] Generating 'Synthesis' target for IP 'pic_detec_ap_fmul_2_max_dsp_32'...
INFO: [IP_Flow 19-1686] Generating 'Simulation' target for IP 'pic_detec_ap_fmul_2_max_dsp_32'...
WARNING: [IP_Flow 19-4832] The IP name 'pic_detec_ap_fpext_0_no_dsp_32' you have specified is long. The Windows operating system has path length limitations. It is recommended you use shorter names to reduce the likelihood of issues.
INFO: [IP_Flow 19-1686] Generating 'Synthesis' target for IP 'pic_detec_ap_fpext_0_no_dsp_32'...
INFO: [IP_Flow 19-1686] Generating 'Simulation' target for IP 'pic_detec_ap_fpext_0_no_dsp_32'...
WARNING: [IP_Flow 19-4832] The IP name 'pic_detec_ap_fptrunc_0_no_dsp_64' you have specified is long. The Windows operating system has path length limitations. It is recommended you use shorter names to reduce the likelihood of issues.
INFO: [IP_Flow 19-1686] Generating 'Synthesis' target for IP 'pic_detec_ap_fptrunc_0_no_dsp_64'...
INFO: [IP_Flow 19-1686] Generating 'Simulation' target for IP 'pic_detec_ap_fptrunc_0_no_dsp_64'...
WARNING: [IP_Flow 19-4832] The IP name 'pic_detec_ap_hadd_2_no_dsp_16' you have specified is long. The Windows operating system has path length limitations. It is recommended you use shorter names to reduce the likelihood of issues.
INFO: [IP_Flow 19-1686] Generating 'Synthesis' target for IP 'pic_detec_ap_hadd_2_no_dsp_16'...
INFO: [IP_Flow 19-1686] Generating 'Simulation' target for IP 'pic_detec_ap_hadd_2_no_dsp_16'...
WARNING: [IP_Flow 19-4832] The IP name 'pic_detec_ap_hadd_3_full_dsp_16' you have specified is long. The Windows operating system has path length limitations. It is recommended you use shorter names to reduce the likelihood of issues.
INFO: [IP_Flow 19-1686] Generating 'Synthesis' target for IP 'pic_detec_ap_hadd_3_full_dsp_16'...
INFO: [IP_Flow 19-1686] Generating 'Simulation' target for IP 'pic_detec_ap_hadd_3_full_dsp_16'...
WARNING: [IP_Flow 19-4832] The IP name 'pic_detec_ap_hcmp_0_no_dsp_16' you have specified is long. The Windows operating system has path length limitations. It is recommended you use shorter names to reduce the likelihood of issues.
INFO: [IP_Flow 19-1686] Generating 'Synthesis' target for IP 'pic_detec_ap_hcmp_0_no_dsp_16'...
INFO: [IP_Flow 19-1686] Generating 'Simulation' target for IP 'pic_detec_ap_hcmp_0_no_dsp_16'...
WARNING: [IP_Flow 19-4832] The IP name 'pic_detec_ap_hmul_2_max_dsp_16' you have specified is long. The Windows operating system has path length limitations. It is recommended you use shorter names to reduce the likelihood of issues.
INFO: [IP_Flow 19-1686] Generating 'Synthesis' target for IP 'pic_detec_ap_hmul_2_max_dsp_16'...
INFO: [IP_Flow 19-1686] Generating 'Simulation' target for IP 'pic_detec_ap_hmul_2_max_dsp_16'...
WARNING: [IP_Flow 19-4832] The IP name 'pic_detec_ap_hptosp_0_no_dsp_16' you have specified is long. The Windows operating system has path length limitations. It is recommended you use shorter names to reduce the likelihood of issues.
INFO: [IP_Flow 19-1686] Generating 'Synthesis' target for IP 'pic_detec_ap_hptosp_0_no_dsp_16'...
INFO: [IP_Flow 19-1686] Generating 'Simulation' target for IP 'pic_detec_ap_hptosp_0_no_dsp_16'...
WARNING: [IP_Flow 19-4832] The IP name 'pic_detec_ap_sitodp_4_no_dsp_32' you have specified is long. The Windows operating system has path length limitations. It is recommended you use shorter names to reduce the likelihood of issues.
INFO: [IP_Flow 19-1686] Generating 'Synthesis' target for IP 'pic_detec_ap_sitodp_4_no_dsp_32'...
INFO: [IP_Flow 19-1686] Generating 'Simulation' target for IP 'pic_detec_ap_sitodp_4_no_dsp_32'...
WARNING: [IP_Flow 19-4832] The IP name 'pic_detec_ap_sitofp_4_no_dsp_32' you have specified is long. The Windows operating system has path length limitations. It is recommended you use shorter names to reduce the likelihood of issues.
INFO: [IP_Flow 19-1686] Generating 'Synthesis' target for IP 'pic_detec_ap_sitofp_4_no_dsp_32'...
INFO: [IP_Flow 19-1686] Generating 'Simulation' target for IP 'pic_detec_ap_sitofp_4_no_dsp_32'...
WARNING: [IP_Flow 19-4832] The IP name 'pic_detec_ap_sptohp_0_no_dsp_32' you have specified is long. The Windows operating system has path length limitations. It is recommended you use shorter names to reduce the likelihood of issues.
INFO: [IP_Flow 19-1686] Generating 'Synthesis' target for IP 'pic_detec_ap_sptohp_0_no_dsp_32'...
INFO: [IP_Flow 19-1686] Generating 'Simulation' target for IP 'pic_detec_ap_sptohp_0_no_dsp_32'...
INFO: [IP_Flow 19-234] Refreshing IP repositories
INFO: [IP_Flow 19-1704] No user IP repositories specified
INFO: [IP_Flow 19-2313] Loaded Vivado IP repository 'D:/Xilinx/Vivado/2019.2/data/ip'.
INFO: [Common 17-206] Exiting Vivado at Wed Sep  2 15:42:47 2020...
